[0m21:17:45.884111 [debug] [MainThread]: Sending event: {'category': 'dbt', 'action': 'invocation', 'label': 'start', 'context': [<snowplow_tracker.self_describing_json.SelfDescribingJson object at 0x00000159D70394C0>, <snowplow_tracker.self_describing_json.SelfDescribingJson object at 0x00000159D7038E90>, <snowplow_tracker.self_describing_json.SelfDescribingJson object at 0x00000159D7038FE0>]}


============================== 21:17:46.047856 | e5ef3baa-0cbf-41e6-be0d-b7f2f45cdbe5 ==============================
[0m21:17:46.047856 [info ] [MainThread]: Running with dbt=1.11.2
[0m21:17:46.047856 [debug] [MainThread]: running dbt with arguments {'static_parser': 'True', 'no_print': 'None', 'version_check': 'True', 'warn_error_options': 'WarnErrorOptionsV2(error=[], warn=[], silence=[])', 'target_path': 'None', 'printer_width': '80', 'write_json': 'True', 'introspect': 'True', 'log_cache_events': 'False', 'empty': 'None', 'cache_selected_only': 'False', 'log_format': 'default', 'debug': 'False', 'fail_fast': 'False', 'profiles_dir': 'C:\\Users\\ravik\\.dbt', 'send_anonymous_usage_stats': 'True', 'quiet': 'False', 'warn_error': 'None', 'partial_parse': 'True', 'invocation_command': 'dbt init', 'indirect_selection': 'eager', 'use_colors': 'True', 'use_experimental_parser': 'False', 'log_path': 'logs'}
[0m21:18:34.278552 [debug] [MainThread]: Starter project path: C:\Users\ravik\OneDrive\Documents\Aws_DBT_Snowflake\.venv\Lib\site-packages\dbt\include\starter_project
[0m21:18:34.323518 [info ] [MainThread]: 
Your new dbt project "aws_dbt_snowflake_project" was created!

For more information on how to configure the profiles.yml file,
please consult the dbt documentation here:

  https://docs.getdbt.com/docs/configure-your-profile

One more thing:

Need help? Don't hesitate to reach out to us via GitHub issues or on Slack:

  https://community.getdbt.com/

Happy modeling!

[0m21:18:34.324549 [info ] [MainThread]: Setting up your profile.
[0m21:18:43.455944 [debug] [MainThread]: Snowflake adapter: Setting snowflake.connector to ERROR (file logging only)
[0m21:18:43.455944 [debug] [MainThread]: Snowflake adapter: Setting botocore to ERROR (file logging only)
[0m21:18:43.455944 [debug] [MainThread]: Snowflake adapter: Setting boto3 to ERROR (file logging only)
[0m21:20:33.574204 [info ] [MainThread]: Profile aws_dbt_snowflake_project written to C:\Users\ravik\.dbt\profiles.yml using target's profile_template.yml and your supplied values. Run 'dbt debug' to validate the connection.
[0m21:20:33.580258 [debug] [MainThread]: Command `dbt init` succeeded at 21:20:33.580258 after 167.87 seconds
[0m21:20:33.580258 [debug] [MainThread]: Sending event: {'category': 'dbt', 'action': 'invocation', 'label': 'end', 'context': [<snowplow_tracker.self_describing_json.SelfDescribingJson object at 0x00000159D731E060>, <snowplow_tracker.self_describing_json.SelfDescribingJson object at 0x00000159D8EAB710>, <snowplow_tracker.self_describing_json.SelfDescribingJson object at 0x00000159D90ACFB0>]}
[0m21:20:33.580258 [debug] [MainThread]: Flushing usage events
[0m21:20:35.490353 [debug] [MainThread]: An error was encountered while trying to flush usage events
[0m21:43:38.355258 [debug] [MainThread]: Got an exception trying to initialize tracking


============================== 21:43:38.514013 | fd8b6aa9-5af7-486c-a0a2-a653d5f7643a ==============================
[0m21:43:38.514013 [info ] [MainThread]: Running with dbt=1.11.2
[0m21:43:38.514013 [debug] [MainThread]: running dbt with arguments {'static_parser': 'True', 'no_print': 'None', 'version_check': 'True', 'warn_error_options': 'WarnErrorOptionsV2(error=[], warn=[], silence=[])', 'target_path': 'None', 'printer_width': '80', 'write_json': 'True', 'introspect': 'True', 'log_cache_events': 'False', 'empty': 'False', 'cache_selected_only': 'False', 'log_format': 'default', 'debug': 'False', 'fail_fast': 'False', 'partial_parse': 'True', 'send_anonymous_usage_stats': 'True', 'quiet': 'False', 'warn_error': 'None', 'profiles_dir': 'C:\\Users\\ravik\\.dbt', 'use_colors': 'True', 'indirect_selection': 'eager', 'invocation_command': 'dbt run --select models/demo', 'use_experimental_parser': 'False', 'log_path': 'logs'}
[0m21:43:38.514013 [error] [MainThread]: Encountered an error:
Runtime Error
  No dbt_project.yml found at expected path C:\Users\ravik\OneDrive\Documents\Aws_DBT_Snowflake\dbt_project.yml
  Verify that each entry within packages.yml (and their transitive dependencies) contains a file named dbt_project.yml
  
[0m21:43:38.525961 [debug] [MainThread]: Command `dbt run` failed at 21:43:38.525961 after 0.26 seconds
[0m21:43:38.525961 [debug] [MainThread]: Flushing usage events
[0m08:14:55.857549 [debug] [MainThread]: Got an exception trying to initialize tracking


============================== 08:14:56.036211 | 6870c899-191d-4b83-9985-d7b45d374484 ==============================
[0m08:14:56.036211 [info ] [MainThread]: Running with dbt=1.11.2
[0m08:14:56.037419 [debug] [MainThread]: running dbt with arguments {'static_parser': 'True', 'no_print': 'None', 'version_check': 'True', 'warn_error_options': 'WarnErrorOptionsV2(error=[], warn=[], silence=[])', 'target_path': 'None', 'printer_width': '80', 'write_json': 'True', 'introspect': 'True', 'log_cache_events': 'False', 'empty': 'False', 'cache_selected_only': 'False', 'log_format': 'default', 'debug': 'False', 'fail_fast': 'False', 'partial_parse': 'True', 'send_anonymous_usage_stats': 'True', 'quiet': 'False', 'warn_error': 'None', 'profiles_dir': 'C:\\Users\\ravik\\.dbt', 'indirect_selection': 'eager', 'invocation_command': 'dbt run --select models/demo', 'use_colors': 'True', 'use_experimental_parser': 'False', 'log_path': 'logs'}
[0m08:14:56.039405 [error] [MainThread]: Encountered an error:
Runtime Error
  No dbt_project.yml found at expected path C:\Users\ravik\OneDrive\Documents\Aws_DBT_Snowflake\dbt_project.yml
  Verify that each entry within packages.yml (and their transitive dependencies) contains a file named dbt_project.yml
  
[0m08:14:56.041168 [debug] [MainThread]: Command `dbt run` failed at 08:14:56.039405 after 0.28 seconds
[0m08:14:56.041168 [debug] [MainThread]: Flushing usage events
